# JRE version: OpenJDK Runtime Environment Temurin-17.0.11+9 (17.0.11+9) (build 17.0.11+9)
# Java VM: OpenJDK 64-Bit Server VM Temurin-17.0.11+9 (17.0.11+9, mixed mode, tiered, compressed oops, compressed class ptrs, parallel gc, windows-amd64)
GC Precious Log:
 CPUs: 8 total, 8 available
 Memory: 8074M
 Large Page Support: Disabled
 NUMA Support: Disabled
 Compressed Oops: Enabled (32-bit)
 Alignments: Space 512K, Generation 512K, Heap 2M
 Heap Min Capacity: 100M
 Heap Initial Capacity: 100M
 Heap Max Capacity: 1G
 Pre-touch: Disabled
 Parallel Workers: 8
Heap:
 PSYoungGen      total 23552K, used 16672K [0x00000000eab00000, 0x00000000ec480000, 0x0000000100000000)
  eden space 22016K, 69% used [0x00000000eab00000,0x00000000eb9e2568,0x00000000ec080000)
  from space 1536K, 93% used [0x00000000ec080000,0x00000000ec1e5ac0,0x00000000ec200000)
  to   space 2048K, 0% used [0x00000000ec280000,0x00000000ec280000,0x00000000ec480000)
 ParOldGen       total 68608K, used 25016K [0x00000000c0000000, 0x00000000c4300000, 0x00000000eab00000)
  object space 68608K, 36% used [0x00000000c0000000,0x00000000c186e110,0x00000000c4300000)
 Metaspace       used 44664K, committed 45440K, reserved 1114112K
  class space    used 4545K, committed 4928K, reserved 1048576K
GC Heap History (20 events):
Event: 4.243 GC heap before
{Heap before GC invocations=10 (full 1):
 PSYoungGen      total 27648K, used 10431K [0x00000000eab00000, 0x00000000eca80000, 0x0000000100000000)
  eden space 23552K, 28% used [0x00000000eab00000,0x00000000eb180400,0x00000000ec200000)
  from space 4096K, 92% used [0x00000000ec680000,0x00000000eca2fa28,0x00000000eca80000)
  to   space 4096K, 0% used [0x00000000ec280000,0x00000000ec280000,0x00000000ec680000)
 ParOldGen       total 68608K, used 8562K [0x00000000c0000000, 0x00000000c4300000, 0x00000000eab00000)
  object space 68608K, 12% used [0x00000000c0000000,0x00000000c085c9d0,0x00000000c4300000)
 Metaspace       used 35177K, committed 35840K, reserved 1114112K
  class space    used 3523K, committed 3840K, reserved 1048576K
}
Event: 4.246 GC heap after
{Heap after GC invocations=10 (full 1):
 PSYoungGen      total 27136K, used 3343K [0x00000000eab00000, 0x00000000ec900000, 0x0000000100000000)
  eden space 23552K, 0% used [0x00000000eab00000,0x00000000eab00000,0x00000000ec200000)
  from space 3584K, 93% used [0x00000000ec280000,0x00000000ec5c3cc8,0x00000000ec600000)
  to   space 3072K, 0% used [0x00000000ec600000,0x00000000ec600000,0x00000000ec900000)
 ParOldGen       total 68608K, used 9595K [0x00000000c0000000, 0x00000000c4300000, 0x00000000eab00000)
  object space 68608K, 13% used [0x00000000c0000000,0x00000000c095ed68,0x00000000c4300000)
 Metaspace       used 35177K, committed 35840K, reserved 1114112K
  class space    used 3523K, committed 3840K, reserved 1048576K
}
Event: 4.246 GC heap before
{Heap before GC invocations=11 (full 2):
 PSYoungGen      total 27136K, used 3343K [0x00000000eab00000, 0x00000000ec900000, 0x0000000100000000)
  eden space 23552K, 0% used [0x00000000eab00000,0x00000000eab00000,0x00000000ec200000)
  from space 3584K, 93% used [0x00000000ec280000,0x00000000ec5c3cc8,0x00000000ec600000)
  to   space 3072K, 0% used [0x00000000ec600000,0x00000000ec600000,0x00000000ec900000)
 ParOldGen       total 68608K, used 9595K [0x00000000c0000000, 0x00000000c4300000, 0x00000000eab00000)
  object space 68608K, 13% used [0x00000000c0000000,0x00000000c095ed68,0x00000000c4300000)
 Metaspace       used 35177K, committed 35840K, reserved 1114112K
  class space    used 3523K, committed 3840K, reserved 1048576K
}
Event: 4.270 GC heap after
{Heap after GC invocations=11 (full 2):
 PSYoungGen      total 27136K, used 0K [0x00000000eab00000, 0x00000000ec900000, 0x0000000100000000)
  eden space 23552K, 0% used [0x00000000eab00000,0x00000000eab00000,0x00000000ec200000)
  from space 3584K, 0% used [0x00000000ec280000,0x00000000ec280000,0x00000000ec600000)
  to   space 3072K, 0% used [0x00000000ec600000,0x00000000ec600000,0x00000000ec900000)
 ParOldGen       total 68608K, used 12656K [0x00000000c0000000, 0x00000000c4300000, 0x00000000eab00000)
  object space 68608K, 18% used [0x00000000c0000000,0x00000000c0c5c040,0x00000000c4300000)
 Metaspace       used 35177K, committed 35840K, reserved 1114112K
  class space    used 3523K, committed 3840K, reserved 1048576K
}
Event: 4.795 GC heap before
{Heap before GC invocations=12 (full 2):
 PSYoungGen      total 27136K, used 23552K [0x00000000eab00000, 0x00000000ec900000, 0x0000000100000000)
  eden space 23552K, 100% used [0x00000000eab00000,0x00000000ec200000,0x00000000ec200000)
  from space 3584K, 0% used [0x00000000ec280000,0x00000000ec280000,0x00000000ec600000)
  to   space 3072K, 0% used [0x00000000ec600000,0x00000000ec600000,0x00000000ec900000)
 ParOldGen       total 68608K, used 12656K [0x00000000c0000000, 0x00000000c4300000, 0x00000000eab00000)
  object space 68608K, 18% used [0x00000000c0000000,0x00000000c0c5c040,0x00000000c4300000)
 Metaspace       used 38011K, committed 38720K, reserved 1114112K
  class space    used 3840K, committed 4160K, reserved 1048576K
}
Event: 4.798 GC heap after
{Heap after GC invocations=12 (full 2):
 PSYoungGen      total 25088K, used 1840K [0x00000000eab00000, 0x00000000ec800000, 0x0000000100000000)
  eden space 23040K, 0% used [0x00000000eab00000,0x00000000eab00000,0x00000000ec180000)
  from space 2048K, 89% used [0x00000000ec600000,0x00000000ec7cc060,0x00000000ec800000)
  to   space 2560K, 0% used [0x00000000ec300000,0x00000000ec300000,0x00000000ec580000)
 ParOldGen       total 68608K, used 12664K [0x00000000c0000000, 0x00000000c4300000, 0x00000000eab00000)
  object space 68608K, 18% used [0x00000000c0000000,0x00000000c0c5e040,0x00000000c4300000)
 Metaspace       used 38011K, committed 38720K, reserved 1114112K
  class space    used 3840K, committed 4160K, reserved 1048576K
}
Event: 4.918 GC heap before
{Heap before GC invocations=13 (full 2):
 PSYoungGen      total 25088K, used 24880K [0x00000000eab00000, 0x00000000ec800000, 0x0000000100000000)
  eden space 23040K, 100% used [0x00000000eab00000,0x00000000ec180000,0x00000000ec180000)
  from space 2048K, 89% used [0x00000000ec600000,0x00000000ec7cc060,0x00000000ec800000)
  to   space 2560K, 0% used [0x00000000ec300000,0x00000000ec300000,0x00000000ec580000)
 ParOldGen       total 68608K, used 12664K [0x00000000c0000000, 0x00000000c4300000, 0x00000000eab00000)
  object space 68608K, 18% used [0x00000000c0000000,0x00000000c0c5e040,0x00000000c4300000)
 Metaspace       used 38085K, committed 38784K, reserved 1114112K
  class space    used 3847K, committed 4160K, reserved 1048576K
}
Event: 4.925 GC heap after
{Heap after GC invocations=13 (full 2):
 PSYoungGen      total 25088K, used 2208K [0x00000000eab00000, 0x00000000ec680000, 0x0000000100000000)
  eden space 22528K, 0% used [0x00000000eab00000,0x00000000eab00000,0x00000000ec100000)
  from space 2560K, 86% used [0x00000000ec300000,0x00000000ec528010,0x00000000ec580000)
  to   space 1024K, 0% used [0x00000000ec580000,0x00000000ec580000,0x00000000ec680000)
 ParOldGen       total 68608K, used 14374K [0x00000000c0000000, 0x00000000c4300000, 0x00000000eab00000)
  object space 68608K, 20% used [0x00000000c0000000,0x00000000c0e09838,0x00000000c4300000)
 Metaspace       used 38085K, committed 38784K, reserved 1114112K
  class space    used 3847K, committed 4160K, reserved 1048576K
}
Event: 5.065 GC heap before
{Heap before GC invocations=14 (full 2):
 PSYoungGen      total 25088K, used 24736K [0x00000000eab00000, 0x00000000ec680000, 0x0000000100000000)
  eden space 22528K, 100% used [0x00000000eab00000,0x00000000ec100000,0x00000000ec100000)
  from space 2560K, 86% used [0x00000000ec300000,0x00000000ec528010,0x00000000ec580000)
  to   space 1024K, 0% used [0x00000000ec580000,0x00000000ec580000,0x00000000ec680000)
 ParOldGen       total 68608K, used 14374K [0x00000000c0000000, 0x00000000c4300000, 0x00000000eab00000)
  object space 68608K, 20% used [0x00000000c0000000,0x00000000c0e09838,0x00000000c4300000)
 Metaspace       used 38144K, committed 38912K, reserved 1114112K
  class space    used 3847K, committed 4160K, reserved 1048576K
}
Event: 5.070 GC heap after
{Heap after GC invocations=14 (full 2):
 PSYoungGen      total 23040K, used 992K [0x00000000eab00000, 0x00000000ec980000, 0x0000000100000000)
  eden space 22016K, 0% used [0x00000000eab00000,0x00000000eab00000,0x00000000ec080000)
  from space 1024K, 96% used [0x00000000ec580000,0x00000000ec678010,0x00000000ec680000)
  to   space 4608K, 0% used [0x00000000ec080000,0x00000000ec080000,0x00000000ec500000)
 ParOldGen       total 68608K, used 17566K [0x00000000c0000000, 0x00000000c4300000, 0x00000000eab00000)
  object space 68608K, 25% used [0x00000000c0000000,0x00000000c1127838,0x00000000c4300000)
 Metaspace       used 38144K, committed 38912K, reserved 1114112K
  class space    used 3847K, committed 4160K, reserved 1048576K
}
Event: 5.159 GC heap before
{Heap before GC invocations=15 (full 2):
 PSYoungGen      total 23040K, used 23008K [0x00000000eab00000, 0x00000000ec980000, 0x0000000100000000)
  eden space 22016K, 100% used [0x00000000eab00000,0x00000000ec080000,0x00000000ec080000)
  from space 1024K, 96% used [0x00000000ec580000,0x00000000ec678010,0x00000000ec680000)
  to   space 4608K, 0% used [0x00000000ec080000,0x00000000ec080000,0x00000000ec500000)
 ParOldGen       total 68608K, used 17566K [0x00000000c0000000, 0x00000000c4300000, 0x00000000eab00000)
  object space 68608K, 25% used [0x00000000c0000000,0x00000000c1127838,0x00000000c4300000)
 Metaspace       used 38354K, committed 39104K, reserved 1114112K
  class space    used 3872K, committed 4160K, reserved 1048576K
}
Event: 5.162 GC heap after
{Heap after GC invocations=15 (full 2):
 PSYoungGen      total 24576K, used 2371K [0x00000000eab00000, 0x00000000ec680000, 0x0000000100000000)
  eden space 22016K, 0% used [0x00000000eab00000,0x00000000eab00000,0x00000000ec080000)
  from space 2560K, 92% used [0x00000000ec080000,0x00000000ec2d0e18,0x00000000ec300000)
  to   space 3072K, 0% used [0x00000000ec380000,0x00000000ec380000,0x00000000ec680000)
 ParOldGen       total 68608K, used 18454K [0x00000000c0000000, 0x00000000c4300000, 0x00000000eab00000)
  object space 68608K, 26% used [0x00000000c0000000,0x00000000c1205848,0x00000000c4300000)
 Metaspace       used 38354K, committed 39104K, reserved 1114112K
  class space    used 3872K, committed 4160K, reserved 1048576K
}
Event: 5.222 GC heap before
{Heap before GC invocations=16 (full 2):
 PSYoungGen      total 24576K, used 24387K [0x00000000eab00000, 0x00000000ec680000, 0x0000000100000000)
  eden space 22016K, 100% used [0x00000000eab00000,0x00000000ec080000,0x00000000ec080000)
  from space 2560K, 92% used [0x00000000ec080000,0x00000000ec2d0e18,0x00000000ec300000)
  to   space 3072K, 0% used [0x00000000ec380000,0x00000000ec380000,0x00000000ec680000)
 ParOldGen       total 68608K, used 18454K [0x00000000c0000000, 0x00000000c4300000, 0x00000000eab00000)
  object space 68608K, 26% used [0x00000000c0000000,0x00000000c1205848,0x00000000c4300000)
 Metaspace       used 38535K, committed 39296K, reserved 1114112K
  class space    used 3899K, committed 4224K, reserved 1048576K
}
Event: 5.227 GC heap after
{Heap after GC invocations=16 (full 2):
 PSYoungGen      total 25088K, used 2656K [0x00000000eab00000, 0x00000000ec680000, 0x0000000100000000)
  eden space 22016K, 0% used [0x00000000eab00000,0x00000000eab00000,0x00000000ec080000)
  from space 3072K, 86% used [0x00000000ec380000,0x00000000ec618010,0x00000000ec680000)
  to   space 3072K, 0% used [0x00000000ec080000,0x00000000ec080000,0x00000000ec380000)
 ParOldGen       total 68608K, used 20502K [0x00000000c0000000, 0x00000000c4300000, 0x00000000eab00000)
  object space 68608K, 29% used [0x00000000c0000000,0x00000000c1405ab8,0x00000000c4300000)
 Metaspace       used 38535K, committed 39296K, reserved 1114112K
  class space    used 3899K, committed 4224K, reserved 1048576K
}
Event: 5.299 GC heap before
{Heap before GC invocations=17 (full 2):
 PSYoungGen      total 25088K, used 24672K [0x00000000eab00000, 0x00000000ec680000, 0x0000000100000000)
  eden space 22016K, 100% used [0x00000000eab00000,0x00000000ec080000,0x00000000ec080000)
  from space 3072K, 86% used [0x00000000ec380000,0x00000000ec618010,0x00000000ec680000)
  to   space 3072K, 0% used [0x00000000ec080000,0x00000000ec080000,0x00000000ec380000)
 ParOldGen       total 68608K, used 20507K [0x00000000c0000000, 0x00000000c4300000, 0x00000000eab00000)
  object space 68608K, 29% used [0x00000000c0000000,0x00000000c1406f58,0x00000000c4300000)
 Metaspace       used 38721K, committed 39424K, reserved 1114112K
  class space    used 3922K, committed 4224K, reserved 1048576K
}
Event: 5.303 GC heap after
{Heap after GC invocations=17 (full 2):
 PSYoungGen      total 24064K, used 1633K [0x00000000eab00000, 0x00000000ec480000, 0x0000000100000000)
  eden space 22016K, 0% used [0x00000000eab00000,0x00000000eab00000,0x00000000ec080000)
  from space 2048K, 79% used [0x00000000ec080000,0x00000000ec218750,0x00000000ec280000)
  to   space 2048K, 0% used [0x00000000ec280000,0x00000000ec280000,0x00000000ec480000)
 ParOldGen       total 68608K, used 23063K [0x00000000c0000000, 0x00000000c4300000, 0x00000000eab00000)
  object space 68608K, 33% used [0x00000000c0000000,0x00000000c1685c48,0x00000000c4300000)
 Metaspace       used 38721K, committed 39424K, reserved 1114112K
  class space    used 3922K, committed 4224K, reserved 1048576K
}
Event: 5.966 GC heap before
{Heap before GC invocations=18 (full 2):
 PSYoungGen      total 24064K, used 23585K [0x00000000eab00000, 0x00000000ec480000, 0x0000000100000000)
  eden space 22016K, 99% used [0x00000000eab00000,0x00000000ec070028,0x00000000ec080000)
  from space 2048K, 79% used [0x00000000ec080000,0x00000000ec218750,0x00000000ec280000)
  to   space 2048K, 0% used [0x00000000ec280000,0x00000000ec280000,0x00000000ec480000)
 ParOldGen       total 68608K, used 23063K [0x00000000c0000000, 0x00000000c4300000, 0x00000000eab00000)
  object space 68608K, 33% used [0x00000000c0000000,0x00000000c1685c48,0x00000000c4300000)
 Metaspace       used 41350K, committed 42176K, reserved 1114112K
  class space    used 4207K, committed 4544K, reserved 1048576K
}
Event: 5.968 GC heap after
{Heap after GC invocations=18 (full 2):
 PSYoungGen      total 23040K, used 567K [0x00000000eab00000, 0x00000000ec380000, 0x0000000100000000)
  eden space 22016K, 0% used [0x00000000eab00000,0x00000000eab00000,0x00000000ec080000)
  from space 1024K, 55% used [0x00000000ec280000,0x00000000ec30dd58,0x00000000ec380000)
  to   space 1536K, 0% used [0x00000000ec080000,0x00000000ec080000,0x00000000ec200000)
 ParOldGen       total 68608K, used 24559K [0x00000000c0000000, 0x00000000c4300000, 0x00000000eab00000)
  object space 68608K, 35% used [0x00000000c0000000,0x00000000c17fbc48,0x00000000c4300000)
 Metaspace       used 41350K, committed 42176K, reserved 1114112K
  class space    used 4207K, committed 4544K, reserved 1048576K
}
Event: 6.387 GC heap before
{Heap before GC invocations=19 (full 2):
 PSYoungGen      total 23040K, used 22555K [0x00000000eab00000, 0x00000000ec380000, 0x0000000100000000)
  eden space 22016K, 99% used [0x00000000eab00000,0x00000000ec079170,0x00000000ec080000)
  from space 1024K, 55% used [0x00000000ec280000,0x00000000ec30dd58,0x00000000ec380000)
  to   space 1536K, 0% used [0x00000000ec080000,0x00000000ec080000,0x00000000ec200000)
 ParOldGen       total 68608K, used 24559K [0x00000000c0000000, 0x00000000c4300000, 0x00000000eab00000)
  object space 68608K, 35% used [0x00000000c0000000,0x00000000c17fbc48,0x00000000c4300000)
 Metaspace       used 42715K, committed 43520K, reserved 1114112K
  class space    used 4340K, committed 4672K, reserved 1048576K
}
Event: 6.389 GC heap after
{Heap after GC invocations=19 (full 2):
 PSYoungGen      total 23552K, used 1430K [0x00000000eab00000, 0x00000000ec480000, 0x0000000100000000)
  eden space 22016K, 0% used [0x00000000eab00000,0x00000000eab00000,0x00000000ec080000)
  from space 1536K, 93% used [0x00000000ec080000,0x00000000ec1e5ac0,0x00000000ec200000)
  to   space 2048K, 0% used [0x00000000ec280000,0x00000000ec280000,0x00000000ec480000)
 ParOldGen       total 68608K, used 25016K [0x00000000c0000000, 0x00000000c4300000, 0x00000000eab00000)
  object space 68608K, 36% used [0x00000000c0000000,0x00000000c186e110,0x00000000c4300000)
 Metaspace       used 42715K, committed 43520K, reserved 1114112K
  class space    used 4340K, committed 4672K, reserved 1048576K
}

