# JRE version: OpenJDK Runtime Environment Temurin-17.0.11+9 (17.0.11+9) (build 17.0.11+9)
# Java VM: OpenJDK 64-Bit Server VM Temurin-17.0.11+9 (17.0.11+9, mixed mode, tiered, compressed oops, compressed class ptrs, parallel gc, windows-amd64)
GC Precious Log:
 CPUs: 8 total, 8 available
 Memory: 8074M
 Large Page Support: Disabled
 NUMA Support: Disabled
 Compressed Oops: Enabled (32-bit)
 Alignments: Space 512K, Generation 512K, Heap 2M
 Heap Min Capacity: 100M
 Heap Initial Capacity: 100M
 Heap Max Capacity: 1G
 Pre-touch: Disabled
 Parallel Workers: 8
Heap:
 PSYoungGen      total 24064K, used 10967K [0x00000000eab00000, 0x00000000ec580000, 0x0000000100000000)
  eden space 22016K, 40% used [0x00000000eab00000,0x00000000eb3bdcb8,0x00000000ec080000)
  from space 2048K, 98% used [0x00000000ec100000,0x00000000ec2f8010,0x00000000ec300000)
  to   space 2560K, 0% used [0x00000000ec300000,0x00000000ec300000,0x00000000ec580000)
 ParOldGen       total 68608K, used 21408K [0x00000000c0000000, 0x00000000c4300000, 0x00000000eab00000)
  object space 68608K, 31% used [0x00000000c0000000,0x00000000c14e8370,0x00000000c4300000)
 Metaspace       used 46216K, committed 47232K, reserved 1114112K
  class space    used 4837K, committed 5248K, reserved 1048576K
GC Heap History (20 events):
Event: 4.869 GC heap before
{Heap before GC invocations=9 (full 1):
 PSYoungGen      total 27648K, used 27507K [0x00000000eab00000, 0x00000000eca00000, 0x0000000100000000)
  eden space 24576K, 99% used [0x00000000eab00000,0x00000000ec2fc260,0x00000000ec300000)
  from space 3072K, 95% used [0x00000000ec480000,0x00000000ec7609e0,0x00000000ec780000)
  to   space 2560K, 0% used [0x00000000ec780000,0x00000000ec780000,0x00000000eca00000)
 ParOldGen       total 68608K, used 10609K [0x00000000c0000000, 0x00000000c4300000, 0x00000000eab00000)
  object space 68608K, 15% used [0x00000000c0000000,0x00000000c0a5c610,0x00000000c4300000)
 Metaspace       used 29231K, committed 30016K, reserved 1114112K
  class space    used 2969K, committed 3328K, reserved 1048576K
}
Event: 4.872 GC heap after
{Heap after GC invocations=9 (full 1):
 PSYoungGen      total 26624K, used 2553K [0x00000000eab00000, 0x00000000eca80000, 0x0000000100000000)
  eden space 24064K, 0% used [0x00000000eab00000,0x00000000eab00000,0x00000000ec280000)
  from space 2560K, 99% used [0x00000000ec780000,0x00000000ec9fe790,0x00000000eca00000)
  to   space 4096K, 0% used [0x00000000ec280000,0x00000000ec280000,0x00000000ec680000)
 ParOldGen       total 68608K, used 11721K [0x00000000c0000000, 0x00000000c4300000, 0x00000000eab00000)
  object space 68608K, 17% used [0x00000000c0000000,0x00000000c0b72660,0x00000000c4300000)
 Metaspace       used 29231K, committed 30016K, reserved 1114112K
  class space    used 2969K, committed 3328K, reserved 1048576K
}
Event: 5.189 GC heap before
{Heap before GC invocations=10 (full 1):
 PSYoungGen      total 26624K, used 26344K [0x00000000eab00000, 0x00000000eca80000, 0x0000000100000000)
  eden space 24064K, 98% used [0x00000000eab00000,0x00000000ec23b9a0,0x00000000ec280000)
  from space 2560K, 99% used [0x00000000ec780000,0x00000000ec9fe790,0x00000000eca00000)
  to   space 4096K, 0% used [0x00000000ec280000,0x00000000ec280000,0x00000000ec680000)
 ParOldGen       total 68608K, used 11721K [0x00000000c0000000, 0x00000000c4300000, 0x00000000eab00000)
  object space 68608K, 17% used [0x00000000c0000000,0x00000000c0b72660,0x00000000c4300000)
 Metaspace       used 32877K, committed 33664K, reserved 1114112K
  class space    used 3238K, committed 3584K, reserved 1048576K
}
Event: 5.191 GC heap after
{Heap after GC invocations=10 (full 1):
 PSYoungGen      total 26112K, used 2112K [0x00000000eab00000, 0x00000000ec800000, 0x0000000100000000)
  eden space 23552K, 0% used [0x00000000eab00000,0x00000000eab00000,0x00000000ec200000)
  from space 2560K, 82% used [0x00000000ec280000,0x00000000ec490128,0x00000000ec500000)
  to   space 3072K, 0% used [0x00000000ec500000,0x00000000ec500000,0x00000000ec800000)
 ParOldGen       total 68608K, used 12273K [0x00000000c0000000, 0x00000000c4300000, 0x00000000eab00000)
  object space 68608K, 17% used [0x00000000c0000000,0x00000000c0bfc558,0x00000000c4300000)
 Metaspace       used 32877K, committed 33664K, reserved 1114112K
  class space    used 3238K, committed 3584K, reserved 1048576K
}
Event: 5.831 GC heap before
{Heap before GC invocations=11 (full 1):
 PSYoungGen      total 26112K, used 25664K [0x00000000eab00000, 0x00000000ec800000, 0x0000000100000000)
  eden space 23552K, 100% used [0x00000000eab00000,0x00000000ec200000,0x00000000ec200000)
  from space 2560K, 82% used [0x00000000ec280000,0x00000000ec490128,0x00000000ec500000)
  to   space 3072K, 0% used [0x00000000ec500000,0x00000000ec500000,0x00000000ec800000)
 ParOldGen       total 68608K, used 12273K [0x00000000c0000000, 0x00000000c4300000, 0x00000000eab00000)
  object space 68608K, 17% used [0x00000000c0000000,0x00000000c0bfc558,0x00000000c4300000)
 Metaspace       used 34248K, committed 35008K, reserved 1114112K
  class space    used 3357K, committed 3648K, reserved 1048576K
}
Event: 5.835 GC heap after
{Heap after GC invocations=11 (full 1):
 PSYoungGen      total 25600K, used 2344K [0x00000000eab00000, 0x00000000ec780000, 0x0000000100000000)
  eden space 23040K, 0% used [0x00000000eab00000,0x00000000eab00000,0x00000000ec180000)
  from space 2560K, 91% used [0x00000000ec500000,0x00000000ec74a2b0,0x00000000ec780000)
  to   space 2560K, 0% used [0x00000000ec280000,0x00000000ec280000,0x00000000ec500000)
 ParOldGen       total 68608K, used 14040K [0x00000000c0000000, 0x00000000c4300000, 0x00000000eab00000)
  object space 68608K, 20% used [0x00000000c0000000,0x00000000c0db6290,0x00000000c4300000)
 Metaspace       used 34248K, committed 35008K, reserved 1114112K
  class space    used 3357K, committed 3648K, reserved 1048576K
}
Event: 5.935 GC heap before
{Heap before GC invocations=12 (full 1):
 PSYoungGen      total 25600K, used 7189K [0x00000000eab00000, 0x00000000ec780000, 0x0000000100000000)
  eden space 23040K, 21% used [0x00000000eab00000,0x00000000eafbb178,0x00000000ec180000)
  from space 2560K, 91% used [0x00000000ec500000,0x00000000ec74a2b0,0x00000000ec780000)
  to   space 2560K, 0% used [0x00000000ec280000,0x00000000ec280000,0x00000000ec500000)
 ParOldGen       total 68608K, used 14040K [0x00000000c0000000, 0x00000000c4300000, 0x00000000eab00000)
  object space 68608K, 20% used [0x00000000c0000000,0x00000000c0db6290,0x00000000c4300000)
 Metaspace       used 35054K, committed 35840K, reserved 1114112K
  class space    used 3454K, committed 3776K, reserved 1048576K
}
Event: 5.938 GC heap after
{Heap after GC invocations=12 (full 1):
 PSYoungGen      total 23552K, used 352K [0x00000000eab00000, 0x00000000ec580000, 0x0000000100000000)
  eden space 23040K, 0% used [0x00000000eab00000,0x00000000eab00000,0x00000000ec180000)
  from space 512K, 68% used [0x00000000ec280000,0x00000000ec2d8000,0x00000000ec300000)
  to   space 1536K, 0% used [0x00000000ec400000,0x00000000ec400000,0x00000000ec580000)
 ParOldGen       total 68608K, used 16263K [0x00000000c0000000, 0x00000000c4300000, 0x00000000eab00000)
  object space 68608K, 23% used [0x00000000c0000000,0x00000000c0fe1d88,0x00000000c4300000)
 Metaspace       used 35054K, committed 35840K, reserved 1114112K
  class space    used 3454K, committed 3776K, reserved 1048576K
}
Event: 5.938 GC heap before
{Heap before GC invocations=13 (full 2):
 PSYoungGen      total 23552K, used 352K [0x00000000eab00000, 0x00000000ec580000, 0x0000000100000000)
  eden space 23040K, 0% used [0x00000000eab00000,0x00000000eab00000,0x00000000ec180000)
  from space 512K, 68% used [0x00000000ec280000,0x00000000ec2d8000,0x00000000ec300000)
  to   space 1536K, 0% used [0x00000000ec400000,0x00000000ec400000,0x00000000ec580000)
 ParOldGen       total 68608K, used 16263K [0x00000000c0000000, 0x00000000c4300000, 0x00000000eab00000)
  object space 68608K, 23% used [0x00000000c0000000,0x00000000c0fe1d88,0x00000000c4300000)
 Metaspace       used 35054K, committed 35840K, reserved 1114112K
  class space    used 3454K, committed 3776K, reserved 1048576K
}
Event: 5.974 GC heap after
{Heap after GC invocations=13 (full 2):
 PSYoungGen      total 23552K, used 0K [0x00000000eab00000, 0x00000000ec580000, 0x0000000100000000)
  eden space 23040K, 0% used [0x00000000eab00000,0x00000000eab00000,0x00000000ec180000)
  from space 512K, 0% used [0x00000000ec280000,0x00000000ec280000,0x00000000ec300000)
  to   space 1536K, 0% used [0x00000000ec400000,0x00000000ec400000,0x00000000ec580000)
 ParOldGen       total 68608K, used 14878K [0x00000000c0000000, 0x00000000c4300000, 0x00000000eab00000)
  object space 68608K, 21% used [0x00000000c0000000,0x00000000c0e87a10,0x00000000c4300000)
 Metaspace       used 35041K, committed 35840K, reserved 1114112K
  class space    used 3451K, committed 3776K, reserved 1048576K
}
Event: 6.347 GC heap before
{Heap before GC invocations=14 (full 2):
 PSYoungGen      total 23552K, used 23040K [0x00000000eab00000, 0x00000000ec580000, 0x0000000100000000)
  eden space 23040K, 100% used [0x00000000eab00000,0x00000000ec180000,0x00000000ec180000)
  from space 512K, 0% used [0x00000000ec280000,0x00000000ec280000,0x00000000ec300000)
  to   space 1536K, 0% used [0x00000000ec400000,0x00000000ec400000,0x00000000ec580000)
 ParOldGen       total 68608K, used 14878K [0x00000000c0000000, 0x00000000c4300000, 0x00000000eab00000)
  object space 68608K, 21% used [0x00000000c0000000,0x00000000c0e87a10,0x00000000c4300000)
 Metaspace       used 38103K, committed 39040K, reserved 1114112K
  class space    used 3835K, committed 4224K, reserved 1048576K
}
Event: 6.349 GC heap after
{Heap after GC invocations=14 (full 2):
 PSYoungGen      total 24064K, used 1452K [0x00000000eab00000, 0x00000000ec580000, 0x0000000100000000)
  eden space 22528K, 0% used [0x00000000eab00000,0x00000000eab00000,0x00000000ec100000)
  from space 1536K, 94% used [0x00000000ec400000,0x00000000ec56b018,0x00000000ec580000)
  to   space 2048K, 0% used [0x00000000ec180000,0x00000000ec180000,0x00000000ec380000)
 ParOldGen       total 68608K, used 14886K [0x00000000c0000000, 0x00000000c4300000, 0x00000000eab00000)
  object space 68608K, 21% used [0x00000000c0000000,0x00000000c0e89a10,0x00000000c4300000)
 Metaspace       used 38103K, committed 39040K, reserved 1114112K
  class space    used 3835K, committed 4224K, reserved 1048576K
}
Event: 6.694 GC heap before
{Heap before GC invocations=15 (full 2):
 PSYoungGen      total 24064K, used 23977K [0x00000000eab00000, 0x00000000ec580000, 0x0000000100000000)
  eden space 22528K, 99% used [0x00000000eab00000,0x00000000ec0ff520,0x00000000ec100000)
  from space 1536K, 94% used [0x00000000ec400000,0x00000000ec56b018,0x00000000ec580000)
  to   space 2048K, 0% used [0x00000000ec180000,0x00000000ec180000,0x00000000ec380000)
 ParOldGen       total 68608K, used 14886K [0x00000000c0000000, 0x00000000c4300000, 0x00000000eab00000)
  object space 68608K, 21% used [0x00000000c0000000,0x00000000c0e89a10,0x00000000c4300000)
 Metaspace       used 40196K, committed 41024K, reserved 1114112K
  class space    used 4100K, committed 4416K, reserved 1048576K
}
Event: 6.698 GC heap after
{Heap after GC invocations=15 (full 2):
 PSYoungGen      total 23552K, used 1049K [0x00000000eab00000, 0x00000000ec480000, 0x0000000100000000)
  eden space 22016K, 0% used [0x00000000eab00000,0x00000000eab00000,0x00000000ec080000)
  from space 1536K, 68% used [0x00000000ec180000,0x00000000ec286470,0x00000000ec300000)
  to   space 1536K, 0% used [0x00000000ec300000,0x00000000ec300000,0x00000000ec480000)
 ParOldGen       total 68608K, used 16120K [0x00000000c0000000, 0x00000000c4300000, 0x00000000eab00000)
  object space 68608K, 23% used [0x00000000c0000000,0x00000000c0fbe120,0x00000000c4300000)
 Metaspace       used 40196K, committed 41024K, reserved 1114112K
  class space    used 4100K, committed 4416K, reserved 1048576K
}
Event: 7.067 GC heap before
{Heap before GC invocations=16 (full 2):
 PSYoungGen      total 23552K, used 23065K [0x00000000eab00000, 0x00000000ec480000, 0x0000000100000000)
  eden space 22016K, 100% used [0x00000000eab00000,0x00000000ec080000,0x00000000ec080000)
  from space 1536K, 68% used [0x00000000ec180000,0x00000000ec286470,0x00000000ec300000)
  to   space 1536K, 0% used [0x00000000ec300000,0x00000000ec300000,0x00000000ec480000)
 ParOldGen       total 68608K, used 16120K [0x00000000c0000000, 0x00000000c4300000, 0x00000000eab00000)
  object space 68608K, 23% used [0x00000000c0000000,0x00000000c0fbe120,0x00000000c4300000)
 Metaspace       used 42496K, committed 43392K, reserved 1114112K
  class space    used 4349K, committed 4736K, reserved 1048576K
}
Event: 7.071 GC heap after
{Heap after GC invocations=16 (full 2):
 PSYoungGen      total 23552K, used 1184K [0x00000000eab00000, 0x00000000ec480000, 0x0000000100000000)
  eden space 22016K, 0% used [0x00000000eab00000,0x00000000eab00000,0x00000000ec080000)
  from space 1536K, 77% used [0x00000000ec300000,0x00000000ec428010,0x00000000ec480000)
  to   space 1536K, 0% used [0x00000000ec180000,0x00000000ec180000,0x00000000ec300000)
 ParOldGen       total 68608K, used 16982K [0x00000000c0000000, 0x00000000c4300000, 0x00000000eab00000)
  object space 68608K, 24% used [0x00000000c0000000,0x00000000c1095820,0x00000000c4300000)
 Metaspace       used 42496K, committed 43392K, reserved 1114112K
  class space    used 4349K, committed 4736K, reserved 1048576K
}
Event: 7.243 GC heap before
{Heap before GC invocations=17 (full 2):
 PSYoungGen      total 23552K, used 23200K [0x00000000eab00000, 0x00000000ec480000, 0x0000000100000000)
  eden space 22016K, 100% used [0x00000000eab00000,0x00000000ec080000,0x00000000ec080000)
  from space 1536K, 77% used [0x00000000ec300000,0x00000000ec428010,0x00000000ec480000)
  to   space 1536K, 0% used [0x00000000ec180000,0x00000000ec180000,0x00000000ec300000)
 ParOldGen       total 68608K, used 16982K [0x00000000c0000000, 0x00000000c4300000, 0x00000000eab00000)
  object space 68608K, 24% used [0x00000000c0000000,0x00000000c1095820,0x00000000c4300000)
 Metaspace       used 43947K, committed 44864K, reserved 1114112K
  class space    used 4516K, committed 4864K, reserved 1048576K
}
Event: 7.248 GC heap after
{Heap after GC invocations=17 (full 2):
 PSYoungGen      total 23552K, used 1530K [0x00000000eab00000, 0x00000000ec780000, 0x0000000100000000)
  eden space 22016K, 0% used [0x00000000eab00000,0x00000000eab00000,0x00000000ec080000)
  from space 1536K, 99% used [0x00000000ec180000,0x00000000ec2fe8f8,0x00000000ec300000)
  to   space 3584K, 0% used [0x00000000ec400000,0x00000000ec400000,0x00000000ec780000)
 ParOldGen       total 68608K, used 18491K [0x00000000c0000000, 0x00000000c4300000, 0x00000000eab00000)
  object space 68608K, 26% used [0x00000000c0000000,0x00000000c120ec40,0x00000000c4300000)
 Metaspace       used 43947K, committed 44864K, reserved 1114112K
  class space    used 4516K, committed 4864K, reserved 1048576K
}
Event: 7.451 GC heap before
{Heap before GC invocations=18 (full 2):
 PSYoungGen      total 23552K, used 23546K [0x00000000eab00000, 0x00000000ec780000, 0x0000000100000000)
  eden space 22016K, 100% used [0x00000000eab00000,0x00000000ec080000,0x00000000ec080000)
  from space 1536K, 99% used [0x00000000ec180000,0x00000000ec2fe8f8,0x00000000ec300000)
  to   space 3584K, 0% used [0x00000000ec400000,0x00000000ec400000,0x00000000ec780000)
 ParOldGen       total 68608K, used 18491K [0x00000000c0000000, 0x00000000c4300000, 0x00000000eab00000)
  object space 68608K, 26% used [0x00000000c0000000,0x00000000c120ec40,0x00000000c4300000)
 Metaspace       used 45086K, committed 46016K, reserved 1114112K
  class space    used 4667K, committed 5056K, reserved 1048576K
}
Event: 7.455 GC heap after
{Heap after GC invocations=18 (full 2):
 PSYoungGen      total 24064K, used 1664K [0x00000000eab00000, 0x00000000ec600000, 0x0000000100000000)
  eden space 22016K, 0% used [0x00000000eab00000,0x00000000eab00000,0x00000000ec080000)
  from space 2048K, 81% used [0x00000000ec400000,0x00000000ec5a0010,0x00000000ec600000)
  to   space 2560K, 0% used [0x00000000ec100000,0x00000000ec100000,0x00000000ec380000)
 ParOldGen       total 68608K, used 19924K [0x00000000c0000000, 0x00000000c4300000, 0x00000000eab00000)
  object space 68608K, 29% used [0x00000000c0000000,0x00000000c1375018,0x00000000c4300000)
 Metaspace       used 45086K, committed 46016K, reserved 1114112K
  class space    used 4667K, committed 5056K, reserved 1048576K
}

